<?xml version="1.0" encoding="UTF-8"?>
<testng-results skipped="0" failed="0" ignored="0" total="1" passed="1">
  <reporter-output>
  </reporter-output>
  <suite name="Command line suite" duration-ms="11" started-at="2023-05-08T19:55:56 BST" finished-at="2023-05-08T19:55:56 BST">
    <groups>
    </groups>
    <test name="Command line test" duration-ms="11" started-at="2023-05-08T19:55:56 BST" finished-at="2023-05-08T19:55:56 BST">
      <class name="com.tutorialsninja.AppTest">
        <test-method status="PASS" signature="testApp()[pri:0, instance:testApp(com.tutorialsninja.AppTest)]" name="testApp" duration-ms="2" started-at="2023-05-08T19:55:56 BST" finished-at="2023-05-08T19:55:56 BST">
          <reporter-output>
          </reporter-output>
        </test-method> <!-- testApp -->
      </class> <!-- com.tutorialsninja.AppTest -->
    </test> <!-- Command line test -->
  </suite> <!-- Command line suite -->
</testng-results>
